<?xml version="1.0" encoding="UTF-8"?>
<!-- Generated by org.testng.reporters.JUnitReportReporter -->
<testsuite hostname="DESKTOP-OOAOPIP" failures="0" tests="1" name="LoginTestPOM.LoginTest" time="0.000" errors="0" timestamp="2023-03-03T13:02:45 IST" skipped="1">
  <testcase classname="LoginTestPOM.LoginTest" name="loginScenario" time="0.000">
    <skipped/>
  </testcase> <!-- loginScenario -->
  <system-out/>
</testsuite> <!-- LoginTestPOM.LoginTest -->
