<?xml version="1.0" encoding="UTF-8"?>
<!-- Generated by org.testng.reporters.JUnitReportReporter -->
<testsuite hostname="DESKTOP-OOAOPIP" failures="0" tests="2" name="LoginTestPOM.UpdateProfileTest" time="13.990" errors="0" timestamp="2023-03-03T13:18:17 IST" skipped="0">
  <testcase classname="LoginTestPOM.UpdateProfileTest" name="updateprofile" time="3.580"/>
  <system-out/>
  <testcase classname="LoginTestPOM.UpdateProfileTest" name="updateprofile" time="10.410"/>
  <system-out/>
</testsuite> <!-- LoginTestPOM.UpdateProfileTest -->
