<?xml version="1.0" encoding="UTF-8"?>
<!-- Generated by org.testng.reporters.JUnitReportReporter -->
<testsuite hostname="DESKTOP-OOAOPIP" failures="0" tests="4" name="loginTestCase.loginFunction" time="28.511" errors="0" timestamp="2023-03-02T22:12:26 IST" skipped="0">
  <testcase classname="loginTestCase.loginFunction" name="loginFubnction" time="6.374"/>
  <system-out/>
  <testcase classname="loginTestCase.loginFunction" name="loginFubnction" time="5.772"/>
  <system-out/>
  <testcase classname="loginTestCase.loginFunction" name="loginFubnction" time="11.522"/>
  <system-out/>
  <testcase classname="loginTestCase.loginFunction" name="loginFubnction" time="4.843"/>
  <system-out/>
</testsuite> <!-- loginTestCase.loginFunction -->
